<?xml version="1.0" encoding="UTF-8"?>
<!-- Generated by org.testng.reporters.JUnitReportReporter -->
<testsuite hostname="GabrielHolmes-MacPro.local" name="testingautomation.Application" tests="1" failures="0" timestamp="27 Oct 2015 06:33:29 GMT" time="12.343" errors="0">
  <testcase name="apply" time="12.343" classname="testingautomation.Application"/>
</testsuite> <!-- testingautomation.Application -->
